#
# There is insufficient memory for the Java Runtime Environment to continue.
# Native memory allocation (mmap) failed to map 536870912 bytes for G1 virtual space
# Possible reasons:
#   The system is out of physical RAM or swap space
#   The process is running with CompressedOops enabled, and the Java Heap may be blocking the growth of the native heap
# Possible solutions:
#   Reduce memory load on the system
#   Increase physical memory or swap space
#   Check if swap backing store is full
#   Decrease Java heap size (-Xmx/-Xms)
#   Decrease number of Java threads
#   Decrease Java thread stack sizes (-Xss)
#   Set larger code cache with -XX:ReservedCodeCacheSize=
#   JVM is running with Zero Based Compressed Oops mode in which the Java heap is
#     placed in the first 32GB address space. The Java Heap base address is the
#     maximum limit for the native heap growth. Please use -XX:HeapBaseMinAddress
#     to set the Java Heap base and to place the Java Heap above 32GB virtual address.
# This output file may be truncated or incomplete.
#
#  Out of Memory Error (os_windows.cpp:3527), pid=30484, tid=32236
#
# JRE version:  (19.0.1+10) (build )
# Java VM: Java HotSpot(TM) 64-Bit Server VM (19.0.1+10-21, mixed mode, sharing, tiered, compressed oops, compressed class ptrs, g1 gc, windows-amd64)
# No core dump will be written. Minidumps are not enabled by default on client versions of Windows
#

---------------  S U M M A R Y ------------

Command Line: -XX:+ShowCodeDetailsInExceptionMessages -agentlib:jdwp=transport=dt_socket,suspend=y,address=localhost:20131 -javaagent:D:\Programas\java-2022-09\eclipse\configuration\org.eclipse.osgi\228\0\.cp\lib\javaagent-shaded.jar -Dfile.encoding=UTF-8 Main

Host: Intel(R) Core(TM) i7-7740X CPU @ 4.30GHz, 8 cores, 31G,  Windows 10 , 64 bit Build 19041 (10.0.19041.2251)
Time: Sat Nov 26 21:48:09 2022 Hora oficial do Brasil elapsed time: 0.023552 seconds (0d 0h 0m 0s)

---------------  T H R E A D  ---------------

Current thread (0x000002722a42b980):  JavaThread "Unknown thread" [_thread_in_vm, id=32236, stack(0x00000099bd700000,0x00000099bd800000)]

Stack: [0x00000099bd700000,0x00000099bd800000]
Native frames: (J=compiled Java code, j=interpreted, Vv=VM code, C=native code)
V  [jvm.dll+0x6ee8fa]
V  [jvm.dll+0x857a1e]
V  [jvm.dll+0x85940e]
V  [jvm.dll+0x859ac3]
V  [jvm.dll+0x28291f]
V  [jvm.dll+0x6eb6e9]
V  [jvm.dll+0x6e028a]
V  [jvm.dll+0x357136]
V  [jvm.dll+0x35eb96]
V  [jvm.dll+0x3b555e]
V  [jvm.dll+0x3b578f]
V  [jvm.dll+0x32c6ea]
V  [jvm.dll+0x32d59e]
V  [jvm.dll+0x821b20]
V  [jvm.dll+0x3c27c1]
V  [jvm.dll+0x8022f1]
V  [jvm.dll+0x44b30f]
V  [jvm.dll+0x44cc91]
C  [jli.dll+0x5287]
C  [ucrtbase.dll+0x21bb2]
C  [KERNEL32.DLL+0x174b4]
C  [ntdll.dll+0x526a1]


---------------  P R O C E S S  ---------------

Threads class SMR info:
_java_thread_list=0x00007ffabad7d048, length=0, elements={
}

Java Threads: ( => current thread )

Other Threads:
  0x000002722a4dd2c0 WorkerThread "GC Thread#0" [stack: 0x00000099bd800000,0x00000099bd900000] [id=29888]
  0x000002722a4efb00 ConcurrentGCThread "G1 Main Marker" [stack: 0x00000099bd900000,0x00000099bda00000] [id=28044]
  0x000002722a4f0530 WorkerThread "G1 Conc#0" [stack: 0x00000099bda00000,0x00000099bdb00000] [id=25856]

[error occurred during error reporting (printing all threads), id 0xc0000005, EXCEPTION_ACCESS_VIOLATION (0xc0000005) at pc=0x00007ffaba53d127]

VM state: not at safepoint (not fully initialized)

VM Mutex/Monitor currently owned by a thread:  ([mutex/lock_event])
[0x000002722a428e50] Heap_lock - owner thread: 0x000002722a42b980

Heap address: 0x0000000600c00000, size: 8180 MB, Compressed Oops mode: Zero based, Oop shift amount: 3

CDS archive(s) mapped at: [0x0000000000000000-0x0000000000000000-0x0000000000000000), size 0, SharedBaseAddress: 0x0000000800000000, ArchiveRelocationMode: 0.
Narrow klass base: 0x0000000000000000, Narrow klass shift: 0, Narrow klass range: 0x0

GC Precious Log:
 CardTable entry size: 512
 Card Set container configuration: InlinePtr #cards 4 size 8 Array Of Cards #cards 32 size 80 Howl #buckets 8 coarsen threshold 7372 Howl Bitmap #cards 1024 size 144 coarsen threshold 921 Card regions per heap region 1 cards per card region 8192

Heap:
 garbage-first heap   total 0K, used 0K [0x0000000600c00000, 0x0000000800000000)
  region size 4096K, 0 young (0K), 0 survivors (0K)

[error occurred during error reporting (printing heap information), id 0xc0000005, EXCEPTION_ACCESS_VIOLATION (0xc0000005) at pc=0x00007ffaba946959]

GC Heap History (0 events):
No events

Dll operation events (1 events):
Event: 0.006 Loaded shared library C:\Program Files\Java\jdk-19\bin\java.dll

Deoptimization events (0 events):
No events

Classes loaded (0 events):
No events

Classes unloaded (0 events):
No events

Classes redefined (0 events):
No events

Internal exceptions (0 events):
No events

VM Operations (0 events):
No events

Events (0 events):
No events


Dynamic libraries:
0x00007ff793b50000 - 0x00007ff793b60000 	C:\Program Files\Java\jdk-19\bin\javaw.exe
0x00007ffafa870000 - 0x00007ffafaa68000 	C:\Windows\SYSTEM32\ntdll.dll
0x00007ffaf99c0000 - 0x00007ffaf9a7f000 	C:\Windows\System32\KERNEL32.DLL
0x00007ffaf8050000 - 0x00007ffaf8322000 	C:\Windows\System32\KERNELBASE.dll
0x00007ffaf8630000 - 0x00007ffaf8730000 	C:\Windows\System32\ucrtbase.dll
0x00007ffae23e0000 - 0x00007ffae23f8000 	C:\Program Files\Java\jdk-19\bin\jli.dll
0x00007ffaf2860000 - 0x00007ffaf287b000 	C:\Program Files\Java\jdk-19\bin\VCRUNTIME140.dll
0x00007ffaf9620000 - 0x00007ffaf96ce000 	C:\Windows\System32\ADVAPI32.dll
0x00007ffafa180000 - 0x00007ffafa21e000 	C:\Windows\System32\msvcrt.dll
0x00007ffaf96d0000 - 0x00007ffaf976c000 	C:\Windows\System32\sechost.dll
0x00007ffaf9130000 - 0x00007ffaf9255000 	C:\Windows\System32\RPCRT4.dll
0x00007ffaf9260000 - 0x00007ffaf93fd000 	C:\Windows\System32\USER32.dll
0x00007ffaf8330000 - 0x00007ffaf8352000 	C:\Windows\System32\win32u.dll
0x00007ffadfbf0000 - 0x00007ffadfe8a000 	C:\Windows\WinSxS\amd64_microsoft.windows.common-controls_6595b64144ccf1df_6.0.19041.1110_none_60b5254171f9507e\COMCTL32.dll
0x00007ffafa080000 - 0x00007ffafa0ab000 	C:\Windows\System32\GDI32.dll
0x00007ffaf8520000 - 0x00007ffaf862f000 	C:\Windows\System32\gdi32full.dll
0x00007ffaf83d0000 - 0x00007ffaf846d000 	C:\Windows\System32\msvcp_win.dll
0x00007ffaf04f0000 - 0x00007ffaf04fa000 	C:\Windows\SYSTEM32\VERSION.dll
0x00007ffaf90f0000 - 0x00007ffaf9122000 	C:\Windows\System32\IMM32.DLL
0x00007ffaf2970000 - 0x00007ffaf297c000 	C:\Program Files\Java\jdk-19\bin\vcruntime140_1.dll
0x00007ffac7960000 - 0x00007ffac79ee000 	C:\Program Files\Java\jdk-19\bin\msvcp140.dll
0x00007ffaba200000 - 0x00007ffabaec0000 	C:\Program Files\Java\jdk-19\bin\server\jvm.dll
0x00007ffae8cc0000 - 0x00007ffae8ce7000 	C:\Windows\SYSTEM32\WINMM.dll
0x00007ffae6830000 - 0x00007ffae6839000 	C:\Windows\SYSTEM32\WSOCK32.dll
0x00007ffaf9890000 - 0x00007ffaf98fb000 	C:\Windows\System32\WS2_32.dll
0x00007ffaf6810000 - 0x00007ffaf6822000 	C:\Windows\SYSTEM32\kernel.appcore.dll
0x00007ffae2dc0000 - 0x00007ffae2dca000 	C:\Program Files\Java\jdk-19\bin\jimage.dll
0x00007ffaf65c0000 - 0x00007ffaf67a4000 	C:\Windows\SYSTEM32\DBGHELP.DLL
0x00007ffae2e70000 - 0x00007ffae2e9c000 	C:\Windows\SYSTEM32\dbgcore.DLL
0x00007ffaf7f70000 - 0x00007ffaf7ff2000 	C:\Windows\System32\bcryptPrimitives.dll
0x00007ffaec490000 - 0x00007ffaec4cc000 	C:\Program Files\Java\jdk-19\bin\jdwp.dll
0x00007ffaf3970000 - 0x00007ffaf397e000 	C:\Program Files\Java\jdk-19\bin\instrument.dll
0x00007ffad9c60000 - 0x00007ffad9c86000 	C:\Program Files\Java\jdk-19\bin\java.dll

dbghelp: loaded successfully - version: 4.0.5 - missing functions: none
symbol engine: initialized successfully - sym options: 0x614 - pdb path: .;C:\Program Files\Java\jdk-19\bin;C:\Windows\SYSTEM32;C:\Windows\WinSxS\amd64_microsoft.windows.common-controls_6595b64144ccf1df_6.0.19041.1110_none_60b5254171f9507e;C:\Program Files\Java\jdk-19\bin\server

VM Arguments:
jvm_args: -XX:+ShowCodeDetailsInExceptionMessages -agentlib:jdwp=transport=dt_socket,suspend=y,address=localhost:20131 -javaagent:D:\Programas\java-2022-09\eclipse\configuration\org.eclipse.osgi\228\0\.cp\lib\javaagent-shaded.jar -Dfile.encoding=UTF-8 
java_command: Main
java_class_path (initial): E:\Pastas\Desenvolvimento\Poker\bin
Launcher Type: SUN_STANDARD

[Global flags]
     intx CICompilerCount                          = 4                                         {product} {ergonomic}
     uint ConcGCThreads                            = 2                                         {product} {ergonomic}
     uint G1ConcRefinementThreads                  = 8                                         {product} {ergonomic}
   size_t G1HeapRegionSize                         = 4194304                                   {product} {ergonomic}
    uintx GCDrainStackTargetSize                   = 64                                        {product} {ergonomic}
   size_t InitialHeapSize                          = 536870912                                 {product} {ergonomic}
   size_t MarkStackSize                            = 4194304                                   {product} {ergonomic}
   size_t MaxHeapSize                              = 8577351680                                {product} {ergonomic}
   size_t MinHeapDeltaBytes                        = 4194304                                   {product} {ergonomic}
   size_t MinHeapSize                              = 8388608                                   {product} {ergonomic}
    uintx NonNMethodCodeHeapSize                   = 5839372                                {pd product} {ergonomic}
    uintx NonProfiledCodeHeapSize                  = 122909434                              {pd product} {ergonomic}
    uintx ProfiledCodeHeapSize                     = 122909434                              {pd product} {ergonomic}
    uintx ReservedCodeCacheSize                    = 251658240                              {pd product} {ergonomic}
     bool SegmentedCodeCache                       = true                                      {product} {ergonomic}
     bool ShowCodeDetailsInExceptionMessages       = true                                   {manageable} {command line}
   size_t SoftMaxHeapSize                          = 8577351680                             {manageable} {ergonomic}
     bool UseCompressedClassPointers               = true                           {product lp64_product} {ergonomic}
     bool UseCompressedOops                        = true                           {product lp64_product} {ergonomic}
     bool UseG1GC                                  = true                                      {product} {ergonomic}
     bool UseLargePagesIndividualAllocation        = false                                  {pd product} {ergonomic}

Logging:
Log output configuration:
 #0: stdout all=warning uptime,level,tags foldmultilines=false
 #1: stderr all=off uptime,level,tags foldmultilines=false

Environment Variables:
PATH=C:\Program Files\Common Files\Oracle\Java\javapath;C:\Program Files (x86)\Common Files\Oracle\Java\javapath;C:\Program Files (x86)\Embarcadero\Studio\20.0\bin;C:\Users\Public\Documents\Embarcadero\Studio\20.0\Bpl;C:\Program Files (x86)\Embarcadero\Studio\20.0\bin64;C:\Users\Public\Documents\Embarcadero\Studio\20.0\Bpl\Win64;C:\Windows\system32;C:\Windows;C:\Windows\System32\Wbem;C:\Windows\System32\WindowsPowerShell\v1.0\;C:\Windows\System32\OpenSSH\;C:\Program Files\NVIDIA Corporation\NVIDIA NvDLISR;C:\Program Files (x86)\NVIDIA Corporation\PhysX\Common;C:\ProgramData\chocolatey\bin;C:\Program Files\dotnet\;D:\Programas\Scripts\;D:\Programas\;C:\Users\lucas\AppData\Local\Microsoft\WindowsApps;C:\Users\lucas\AppData\Local\Programs\Microsoft VS Code\bin;D:\Programas\PyCharm Community Edition 2021.2\bin;;D:\Programas\Youtube-DL;C:\ProgramData\chocolatey\lib\mingw\tools\install\mingw64\bin;C:\Program Files\MKVToolNix;C:\Users\lucas\.dotnet\tools
USERNAME=Lucas Renato
OS=Windows_NT
PROCESSOR_IDENTIFIER=Intel64 Family 6 Model 158 Stepping 9, GenuineIntel
TMP=C:\Users\lucas\AppData\Local\Temp
TEMP=C:\Users\lucas\AppData\Local\Temp



---------------  S Y S T E M  ---------------

OS:
 Windows 10 , 64 bit Build 19041 (10.0.19041.2251)
OS uptime: 0 days 3:15 hours

CPU: total 8 (initial active 8) (4 cores per cpu, 2 threads per core) family 6 model 158 stepping 9 microcode 0xb4, cx8, cmov, fxsr, ht, mmx, 3dnowpref, sse, sse2, sse3, ssse3, sse4.1, sse4.2, popcnt, lzcnt, tsc, tscinvbit, avx, avx2, aes, erms, clmul, bmi1, bmi2, rtm, adx, fma, vzeroupper, clflush, clflushopt, rdtscp

Memory: 4k page, system-wide physical 32712M (19637M free)
TotalPageFile size 36940M (AvailPageFile size 506M)
current process WorkingSet (physical memory assigned to process): 11M, peak: 11M
current process commit charge ("private bytes"): 60M, peak: 572M

vm_info: Java HotSpot(TM) 64-Bit Server VM (19.0.1+10-21) for windows-amd64 JRE (19.0.1+10-21), built on 2022-09-14T12:45:06Z by "mach5one" with MS VC++ 17.1 (VS2022)

END.
